c:\users\freeman\documents\visual studio 2013\projects\taska10\taska10\debug\vc120.pdb
c:\users\freeman\documents\visual studio 2013\projects\taska10\taska10\debug\vc120.idb
c:\users\freeman\documents\visual studio 2013\projects\taska10\taska10\debug\stdafx.obj
c:\users\freeman\documents\visual studio 2013\projects\taska10\taska10\debug\taska10.obj
c:\users\freeman\documents\visual studio 2013\projects\taska10\debug\taska10.pdb
c:\users\freeman\documents\visual studio 2013\projects\taska10\taska10\debug\taska10.tlog\cl.command.1.tlog
c:\users\freeman\documents\visual studio 2013\projects\taska10\taska10\debug\taska10.tlog\cl.read.1.tlog
c:\users\freeman\documents\visual studio 2013\projects\taska10\taska10\debug\taska10.tlog\cl.write.1.tlog
c:\users\freeman\documents\visual studio 2013\projects\taska10\taska10\debug\taska10.tlog\link-cvtres.read.1.tlog
c:\users\freeman\documents\visual studio 2013\projects\taska10\taska10\debug\taska10.tlog\link-cvtres.write.1.tlog
c:\users\freeman\documents\visual studio 2013\projects\taska10\taska10\debug\taska10.tlog\link-rc.read.1.tlog
c:\users\freeman\documents\visual studio 2013\projects\taska10\taska10\debug\taska10.tlog\link-rc.write.1.tlog
c:\users\freeman\documents\visual studio 2013\projects\taska10\taska10\debug\taska10.tlog\link.2168-cvtres.read.1.tlog
c:\users\freeman\documents\visual studio 2013\projects\taska10\taska10\debug\taska10.tlog\link.2168-cvtres.write.1.tlog
c:\users\freeman\documents\visual studio 2013\projects\taska10\taska10\debug\taska10.tlog\link.2168-rc.read.1.tlog
c:\users\freeman\documents\visual studio 2013\projects\taska10\taska10\debug\taska10.tlog\link.2168-rc.write.1.tlog
c:\users\freeman\documents\visual studio 2013\projects\taska10\taska10\debug\taska10.tlog\link.2168.read.1.tlog
c:\users\freeman\documents\visual studio 2013\projects\taska10\taska10\debug\taska10.tlog\link.2168.write.1.tlog
c:\users\freeman\documents\visual studio 2013\projects\taska10\taska10\debug\taska10.tlog\link.command.1.tlog
c:\users\freeman\documents\visual studio 2013\projects\taska10\taska10\debug\taska10.tlog\link.read.1.tlog
c:\users\freeman\documents\visual studio 2013\projects\taska10\taska10\debug\taska10.tlog\link.write.1.tlog
